<?xml version="1.0" encoding="UTF-8"?>
<testsuite name="tracker.StudentTest" tests="64" skipped="0" failures="0" errors="0" timestamp="2025-01-19T15:58:02" hostname="Mac" time="0.062">
  <properties/>
  <testcase name="[1] John" classname="tracker.StudentTest" time="0.005"/>
  <testcase name="[2] O'Neill" classname="tracker.StudentTest" time="0.0"/>
  <testcase name="[3] van-de" classname="tracker.StudentTest" time="0.0"/>
  <testcase name="[4] O'Ne" classname="tracker.StudentTest" time="0.0"/>
  <testcase name="[5] Ava" classname="tracker.StudentTest" time="0.0"/>
  <testcase name="[1] user@example.com" classname="tracker.StudentTest" time="0.0"/>
  <testcase name="[2] first.last@example.co.uk" classname="tracker.StudentTest" time="0.0"/>
  <testcase name="[3] user+name@example.com" classname="tracker.StudentTest" time="0.0"/>
  <testcase name="[4] simple@domain.com" classname="tracker.StudentTest" time="0.0"/>
  <testcase name="[5] test.email@sub.domain.com" classname="tracker.StudentTest" time="0.0"/>
  <testcase name="[6] username@domain.co" classname="tracker.StudentTest" time="0.0"/>
  <testcase name="[7] valid.email@domain.travel" classname="tracker.StudentTest" time="0.0"/>
  <testcase name="[8] user.name123@domain123.com" classname="tracker.StudentTest" time="0.001"/>
  <testcase name="[9] user@sub.domain.org" classname="tracker.StudentTest" time="0.0"/>
  <testcase name="[10] example@domain.travel" classname="tracker.StudentTest" time="0.0"/>
  <testcase name="[11] jane.doe@example.com" classname="tracker.StudentTest" time="0.0"/>
  <testcase name="[12] alice.smith@company.co.uk" classname="tracker.StudentTest" time="0.0"/>
  <testcase name="[1] A" classname="tracker.StudentTest" time="0.001"/>
  <testcase name="[2] O'Ne--ill" classname="tracker.StudentTest" time="0.0"/>
  <testcase name="[3] O' Neill" classname="tracker.StudentTest" time="0.0"/>
  <testcase name="[4] -van" classname="tracker.StudentTest" time="0.0"/>
  <testcase name="[5] van-" classname="tracker.StudentTest" time="0.0"/>
  <testcase name="[6] O'Neill " classname="tracker.StudentTest" time="0.0"/>
  <testcase name="[7]  " classname="tracker.StudentTest" time="0.0"/>
  <testcase name="[1] A" classname="tracker.StudentTest" time="0.0"/>
  <testcase name="[2] O'Ne--ill" classname="tracker.StudentTest" time="0.001"/>
  <testcase name="[3] O' Neill" classname="tracker.StudentTest" time="0.0"/>
  <testcase name="[4] -van" classname="tracker.StudentTest" time="0.001"/>
  <testcase name="[5] van-" classname="tracker.StudentTest" time="0.0"/>
  <testcase name="[6] O'Neill " classname="tracker.StudentTest" time="0.0"/>
  <testcase name="[7]  " classname="tracker.StudentTest" time="0.0"/>
  <testcase name="[1] user@example.com, true" classname="tracker.StudentTest" time="0.003"/>
  <testcase name="[2] first.last@example.co.uk, true" classname="tracker.StudentTest" time="0.0"/>
  <testcase name="[3] user+name@example.com, true" classname="tracker.StudentTest" time="0.0"/>
  <testcase name="[4] simple@domain.com, true" classname="tracker.StudentTest" time="0.001"/>
  <testcase name="[5] test.email@sub.domain.com, true" classname="tracker.StudentTest" time="0.0"/>
  <testcase name="[6] username@domain.co, true" classname="tracker.StudentTest" time="0.001"/>
  <testcase name="[7] valid.email@domain.travel, true" classname="tracker.StudentTest" time="0.0"/>
  <testcase name="[8] user.name123@domain123.com, true" classname="tracker.StudentTest" time="0.0"/>
  <testcase name="[9] user@sub.domain.org, true" classname="tracker.StudentTest" time="0.001"/>
  <testcase name="[10] example@domain.travel, true" classname="tracker.StudentTest" time="0.001"/>
  <testcase name="[11] jane.doe@example.com, true" classname="tracker.StudentTest" time="0.0"/>
  <testcase name="[12] alice.smith@company.co.uk, true" classname="tracker.StudentTest" time="0.0"/>
  <testcase name="[13] 125367at@zzz90.z9, true" classname="tracker.StudentTest" time="0.0"/>
  <testcase name="[14] user@domain.123, true" classname="tracker.StudentTest" time="0.0"/>
  <testcase name="[15] username@domain..com, true" classname="tracker.StudentTest" time="0.001"/>
  <testcase name="[16] user@domain.c, true" classname="tracker.StudentTest" time="0.001"/>
  <testcase name="[17] user@.domain.com, true" classname="tracker.StudentTest" time="0.0"/>
  <testcase name="[18] user@domain.com., true" classname="tracker.StudentTest" time="0.001"/>
  <testcase name="[19] user@domain#example.com, true" classname="tracker.StudentTest" time="0.0"/>
  <testcase name="[20] plainaddress, false" classname="tracker.StudentTest" time="0.0"/>
  <testcase name="[21] @missingusername.com, false" classname="tracker.StudentTest" time="0.0"/>
  <testcase name="[22] username@, false" classname="tracker.StudentTest" time="0.0"/>
  <testcase name="[23] username@domain, false" classname="tracker.StudentTest" time="0.0"/>
  <testcase name="[24] user@domain, com" classname="tracker.StudentTest" time="0.0"/>
  <testcase name="[25] user@sub@domain.com, false" classname="tracker.StudentTest" time="0.0"/>
  <testcase name="[26] user@domain@com, false" classname="tracker.StudentTest" time="0.0"/>
  <testcase name="[27] user@ex@domain.com, false" classname="tracker.StudentTest" time="0.0"/>
  <testcase name="[1] Jemison Van de Graaff" classname="tracker.StudentTest" time="0.0"/>
  <testcase name="[2] John" classname="tracker.StudentTest" time="0.0"/>
  <testcase name="[3] O'Neill" classname="tracker.StudentTest" time="0.001"/>
  <testcase name="[4] van-de" classname="tracker.StudentTest" time="0.0"/>
  <testcase name="[5] O'Ne" classname="tracker.StudentTest" time="0.0"/>
  <testcase name="[6] Ava" classname="tracker.StudentTest" time="0.0"/>
  <system-out><![CDATA[Incorrect first name.
Incorrect first name.
Incorrect first name.
Incorrect first name.
Incorrect first name.
Incorrect first name.
Incorrect first name.
Incorrect last name.
Incorrect last name.
Incorrect last name.
Incorrect last name.
Incorrect last name.
Incorrect last name.
Incorrect last name.
Incorrect email.
Incorrect email.
Incorrect email.
Incorrect email.
Incorrect email.
Incorrect email.
Incorrect email.
Incorrect email.
]]></system-out>
  <system-err><![CDATA[]]></system-err>
</testsuite>
