<?xml version="1.0" encoding="UTF-8"?>
<testsuite name="tracker.StudentTest" tests="27" skipped="0" failures="0" errors="0" timestamp="2024-12-30T19:34:23" hostname="Mac" time="0.041">
  <properties/>
  <testcase name="[1] user@example.com, true" classname="tracker.StudentTest" time="0.012"/>
  <testcase name="[2] first.last@example.co.uk, true" classname="tracker.StudentTest" time="0.001"/>
  <testcase name="[3] user+name@example.com, true" classname="tracker.StudentTest" time="0.0"/>
  <testcase name="[4] simple@domain.com, true" classname="tracker.StudentTest" time="0.0"/>
  <testcase name="[5] test.email@sub.domain.com, true" classname="tracker.StudentTest" time="0.001"/>
  <testcase name="[6] username@domain.co, true" classname="tracker.StudentTest" time="0.0"/>
  <testcase name="[7] valid.email@domain.travel, true" classname="tracker.StudentTest" time="0.001"/>
  <testcase name="[8] user.name123@domain123.com, true" classname="tracker.StudentTest" time="0.0"/>
  <testcase name="[9] user@sub.domain.org, true" classname="tracker.StudentTest" time="0.001"/>
  <testcase name="[10] example@domain.travel, true" classname="tracker.StudentTest" time="0.001"/>
  <testcase name="[11] jane.doe@example.com, true" classname="tracker.StudentTest" time="0.0"/>
  <testcase name="[12] alice.smith@company.co.uk, true" classname="tracker.StudentTest" time="0.0"/>
  <testcase name="[13] 125367at@zzz90.z9, true" classname="tracker.StudentTest" time="0.001"/>
  <testcase name="[14] user@domain.123, true" classname="tracker.StudentTest" time="0.001"/>
  <testcase name="[15] username@domain..com, true" classname="tracker.StudentTest" time="0.001"/>
  <testcase name="[16] user@domain.c, true" classname="tracker.StudentTest" time="0.001"/>
  <testcase name="[17] user@.domain.com, true" classname="tracker.StudentTest" time="0.001"/>
  <testcase name="[18] user@domain.com., true" classname="tracker.StudentTest" time="0.0"/>
  <testcase name="[19] user@domain#example.com, true" classname="tracker.StudentTest" time="0.001"/>
  <testcase name="[20] plainaddress, false" classname="tracker.StudentTest" time="0.002"/>
  <testcase name="[21] @missingusername.com, false" classname="tracker.StudentTest" time="0.0"/>
  <testcase name="[22] username@, false" classname="tracker.StudentTest" time="0.0"/>
  <testcase name="[23] username@domain, false" classname="tracker.StudentTest" time="0.001"/>
  <testcase name="[24] user@domain, com" classname="tracker.StudentTest" time="0.0"/>
  <testcase name="[25] user@sub@domain.com, false" classname="tracker.StudentTest" time="0.0"/>
  <testcase name="[26] user@domain@com, false" classname="tracker.StudentTest" time="0.0"/>
  <testcase name="[27] user@ex@domain.com, false" classname="tracker.StudentTest" time="0.0"/>
  <system-out><![CDATA[Incorrect email.
Incorrect email.
Incorrect email.
Incorrect email.
Incorrect email.
Incorrect email.
Incorrect email.
Incorrect email.
]]></system-out>
  <system-err><![CDATA[]]></system-err>
</testsuite>
